\BOOKMARK [0][-]{chapter.1}{Introduction}{}
\BOOKMARK [0][-]{chapter.2}{Invocation}{}
\BOOKMARK [1][-]{section.2.1}{i}{chapter.2}
\BOOKMARK [1][-]{section.2.2}{ii}{chapter.2}
\BOOKMARK [0][-]{chapter.3}{Text}{}
\BOOKMARK [1][-]{section.3.1}{1}{chapter.3}
\BOOKMARK [1][-]{section.3.2}{2}{chapter.3}
\BOOKMARK [1][-]{section.3.3}{3}{chapter.3}
\BOOKMARK [1][-]{section.3.4}{4}{chapter.3}
\BOOKMARK [1][-]{section.3.5}{5}{chapter.3}
\BOOKMARK [1][-]{section.3.6}{1}{chapter.3}
\BOOKMARK [1][-]{section.3.7}{1}{chapter.3}
\BOOKMARK [1][-]{section.3.8}{1}{chapter.3}
\BOOKMARK [1][-]{section.3.9}{1}{chapter.3}
\BOOKMARK [1][-]{section.3.10}{10}{chapter.3}
\BOOKMARK [1][-]{section.3.11}{1}{chapter.3}
\BOOKMARK [1][-]{section.3.12}{1}{chapter.3}
\BOOKMARK [1][-]{section.3.13}{1}{chapter.3}
\BOOKMARK [1][-]{section.3.14}{1}{chapter.3}
\BOOKMARK [1][-]{section.3.15}{15}{chapter.3}
\BOOKMARK [1][-]{section.3.16}{16}{chapter.3}
\BOOKMARK [1][-]{section.3.17}{1}{chapter.3}
\BOOKMARK [1][-]{section.3.18}{1}{chapter.3}
\BOOKMARK [1][-]{section.3.19}{1}{chapter.3}
\BOOKMARK [1][-]{section.3.20}{1}{chapter.3}
\BOOKMARK [1][-]{section.3.21}{1}{chapter.3}
\BOOKMARK [1][-]{section.3.22}{1}{chapter.3}
\BOOKMARK [1][-]{section.3.23}{23}{chapter.3}
\BOOKMARK [1][-]{section.3.24}{1}{chapter.3}
\BOOKMARK [1][-]{section.3.25}{1}{chapter.3}
\BOOKMARK [1][-]{section.3.26}{1}{chapter.3}
\BOOKMARK [1][-]{section.3.27}{1}{chapter.3}
\BOOKMARK [1][-]{section.3.28}{1}{chapter.3}
\BOOKMARK [1][-]{section.3.29}{1}{chapter.3}
\BOOKMARK [1][-]{section.3.30}{1}{chapter.3}
\BOOKMARK [1][-]{section.3.31}{1}{chapter.3}
\BOOKMARK [1][-]{section.3.32}{1}{chapter.3}
\BOOKMARK [1][-]{section.3.33}{1}{chapter.3}
\BOOKMARK [1][-]{section.3.34}{1}{chapter.3}
\BOOKMARK [1][-]{section.3.35}{1}{chapter.3}
\BOOKMARK [1][-]{section.3.36}{1}{chapter.3}
\BOOKMARK [1][-]{section.3.37}{1}{chapter.3}
\BOOKMARK [1][-]{section.3.38}{1}{chapter.3}
\BOOKMARK [1][-]{section.3.39}{1}{chapter.3}
\BOOKMARK [1][-]{section.3.40}{1}{chapter.3}
\BOOKMARK [0][-]{chapter.4}{Index}{}
